Flow report for lights
Tue Jun 09 15:48:10 2015
Quartus II 64-Bit Version 13.0.1 Build 232 06/12/2013 Service Pack 1 SJ Web Edition


---------------------
; Table of Contents ;
---------------------
  1. Legal Notice
  2. Flow Summary
  3. Flow Settings
  4. Flow Non-Default Global Settings
  5. Flow Elapsed Time
  6. Flow OS Summary
  7. Flow Log
  8. Flow Messages
  9. Flow Suppressed Messages



----------------
; Legal Notice ;
----------------
Copyright (C) 1991-2013 Altera Corporation
Your use of Altera Corporation's design tools, logic functions 
and other software and tools, and its AMPP partner logic 
functions, and any output files from any of the foregoing 
(including device programming or simulation files), and any 
associated documentation or information are expressly subject 
to the terms and conditions of the Altera Program License 
Subscription Agreement, Altera MegaCore Function License 
Agreement, or other applicable license agreement, including, 
without limitation, that your use is for the sole purpose of 
programming logic devices manufactured by Altera and sold by 
Altera or its authorized distributors.  Please refer to the 
applicable agreement for further details.



+--------------------------------------------------------------------------------------+
; Flow Summary                                                                         ;
+------------------------------------+-------------------------------------------------+
; Flow Status                        ; Successful - Tue Jun 09 15:48:04 2015           ;
; Quartus II 64-Bit Version          ; 13.0.1 Build 232 06/12/2013 SP 1 SJ Web Edition ;
; Revision Name                      ; lights                                          ;
; Top-level Entity Name              ; SystemTopLevel                                  ;
; Family                             ; Cyclone II                                      ;
; Device                             ; EP2C35F672C6                                    ;
; Timing Models                      ; Final                                           ;
; Total logic elements               ; 7,071 / 33,216 ( 21 % )                         ;
;     Total combinational functions  ; 6,220 / 33,216 ( 19 % )                         ;
;     Dedicated logic registers      ; 4,006 / 33,216 ( 12 % )                         ;
; Total registers                    ; 4074                                            ;
; Total pins                         ; 240 / 475 ( 51 % )                              ;
; Total virtual pins                 ; 0                                               ;
; Total memory bits                  ; 212,352 / 483,840 ( 44 % )                      ;
; Embedded Multiplier 9-bit elements ; 4 / 70 ( 6 % )                                  ;
; Total PLLs                         ; 1 / 4 ( 25 % )                                  ;
+------------------------------------+-------------------------------------------------+


+-----------------------------------------+
; Flow Settings                           ;
+-------------------+---------------------+
; Option            ; Setting             ;
+-------------------+---------------------+
; Start date & time ; 06/09/2015 15:45:04 ;
; Main task         ; Compilation         ;
; Revision Name     ; lights              ;
+-------------------+---------------------+


+-------------------------------------------------------------------------------------------------------------------------------+
; Flow Non-Default Global Settings                                                                                              ;
+-------------------------------------+---------------------------------------+---------------+----------------+----------------+
; Assignment Name                     ; Value                                 ; Default Value ; Entity Name    ; Section Id     ;
+-------------------------------------+---------------------------------------+---------------+----------------+----------------+
; COMPILER_SIGNATURE_ID               ; 106400425338080.143388990410556       ; --            ; --             ; --             ;
; CYCLONEII_OPTIMIZATION_TECHNIQUE    ; Speed                                 ; Balanced      ; --             ; --             ;
; EDA_OUTPUT_DATA_FORMAT              ; None                                  ; --            ; --             ; eda_simulation ;
; FITTER_EFFORT                       ; Standard Fit                          ; Auto Fit      ; --             ; --             ;
; IP_TOOL_NAME                        ; RAM: 2-PORT                           ; --            ; --             ; --             ;
; IP_TOOL_VERSION                     ; 13.0                                  ; --            ; --             ; --             ;
; MAX_CORE_JUNCTION_TEMP              ; 85                                    ; --            ; --             ; --             ;
; MIN_CORE_JUNCTION_TEMP              ; 0                                     ; --            ; --             ; --             ;
; MISC_FILE                           ; ColourPallette_2PortRam.bsf           ; --            ; --             ; --             ;
; MISC_FILE                           ; ColourPallette_2PortRam.cmp           ; --            ; --             ; --             ;
; PARTITION_COLOR                     ; 16764057                              ; --            ; SystemTopLevel ; Top            ;
; PARTITION_FITTER_PRESERVATION_LEVEL ; PLACEMENT_AND_ROUTING                 ; --            ; SystemTopLevel ; Top            ;
; PARTITION_NETLIST_TYPE              ; SOURCE                                ; --            ; SystemTopLevel ; Top            ;
; POWER_BOARD_THERMAL_MODEL           ; None (CONSERVATIVE)                   ; --            ; --             ; --             ;
; POWER_PRESET_COOLING_SOLUTION       ; 23 MM HEAT SINK WITH 200 LFPM AIRFLOW ; --            ; --             ; --             ;
; PROJECT_OUTPUT_DIRECTORY            ; output_files                          ; --            ; --             ; --             ;
; TOP_LEVEL_ENTITY                    ; SystemTopLevel                        ; lights        ; --             ; --             ;
+-------------------------------------+---------------------------------------+---------------+----------------+----------------+


+-------------------------------------------------------------------------------------------------------------------------------+
; Flow Elapsed Time                                                                                                             ;
+---------------------------+--------------+-------------------------+---------------------+------------------------------------+
; Module Name               ; Elapsed Time ; Average Processors Used ; Peak Virtual Memory ; Total CPU Time (on all processors) ;
+---------------------------+--------------+-------------------------+---------------------+------------------------------------+
; Analysis & Synthesis      ; 00:01:16     ; 1.0                     ; 734 MB              ; 00:01:04                           ;
; Fitter                    ; 00:01:29     ; 1.0                     ; 786 MB              ; 00:01:21                           ;
; Assembler                 ; 00:00:03     ; 1.0                     ; 468 MB              ; 00:00:03                           ;
; TimeQuest Timing Analyzer ; 00:00:05     ; 1.0                     ; 523 MB              ; 00:00:04                           ;
; Total                     ; 00:02:53     ; --                      ; --                  ; 00:02:32                           ;
+---------------------------+--------------+-------------------------+---------------------+------------------------------------+


+----------------------------------------------------------------------------------------+
; Flow OS Summary                                                                        ;
+---------------------------+------------------+-----------+------------+----------------+
; Module Name               ; Machine Hostname ; OS Name   ; OS Version ; Processor type ;
+---------------------------+------------------+-----------+------------+----------------+
; Analysis & Synthesis      ; Paul-MacPro      ; Windows 7 ; 6.1        ; x86_64         ;
; Fitter                    ; Paul-MacPro      ; Windows 7 ; 6.1        ; x86_64         ;
; Assembler                 ; Paul-MacPro      ; Windows 7 ; 6.1        ; x86_64         ;
; TimeQuest Timing Analyzer ; Paul-MacPro      ; Windows 7 ; 6.1        ; x86_64         ;
+---------------------------+------------------+-----------+------------+----------------+


------------
; Flow Log ;
------------
quartus_map --read_settings_files=on --write_settings_files=off NIOS_II_System -c lights
quartus_fit --read_settings_files=off --write_settings_files=off NIOS_II_System -c lights
quartus_asm --read_settings_files=off --write_settings_files=off NIOS_II_System -c lights
quartus_sta NIOS_II_System -c lights



